This is XeTeX, Version 3.1415926-2.2-0.9997.4 (Web2C 2010) (format=xelatex 2011.1.2)  26 OCT 2011 11:49
entering extended mode
 restricted \write18 enabled.
 %&-line parsing enabled.
**Jason.Wu.CV.tex
(./Jason.Wu.CV.tex
LaTeX2e <2009/09/24>
Babel <v3.8l> and hyphenation patterns for english, dumylang, nohyphenation, pi
nyin, ukenglish, usenglishmax, loaded.
(./res.cls
Document Style `res' <26 Sep 89>.
Document Class: res 2000/05/19 v1.4b Resume class
(e:/tex/texlive/2010/texmf-dist/tex/latex/base/article.cls
Document Class: article 2007/10/19 v1.4h Standard LaTeX document class
(e:/tex/texlive/2010/texmf-dist/tex/latex/base/size11.clo
File: size11.clo 2007/10/19 v1.4h Standard LaTeX file (size option)
)
\c@part=\count80
\c@section=\count81
\c@subsection=\count82
\c@subsubsection=\count83
\c@paragraph=\count84
\c@subparagraph=\count85
\c@figure=\count86
\c@table=\count87
\abovecaptionskip=\skip41
\belowcaptionskip=\skip42
\bibindent=\dimen102
)
No auxiliary output files.

\tabular@text=\toks14
\tabular@head=\toks15
\tabular@tail=\toks16
\@ta=\toks17
\undefined@token=\toks18
\sectionwidth=\dimen103
\sectionskip=\skip43
\resumewidth=\dimen104
\@columnwidth=\dimen105
\c@numberofcolumns=\count88
) (./config.sty (e:/tex/texlive/2010/texmf-dist/tex/latex/fontspec/fontspec.sty
Package: fontspec 2010/11/17 v2.1e Advanced font selection for XeLaTeX/LuaLaTeX

(e:/tex/texlive/2010/texmf-dist/tex/latex/expl3/expl3.sty
(e:/tex/texlive/2010/texmf-dist/tex/latex/expl3/l3names.sty
Package: l3names 2011/01/08 v2122 L3 Experimental Naming Scheme for TeX Primiti
ves
)
Package: expl3 2010/11/13 v2083 L3 Experimental code bundle wrapper

(e:/tex/texlive/2010/texmf-dist/tex/latex/etex-pkg/etex.sty
Package: etex 1998/03/26 v2.0 eTeX basic definition package (PEB)
\et@xins=\count89
)
(e:/tex/texlive/2010/texmf-dist/tex/latex/expl3/l3basics.sty
Package: l3basics 2010/10/03 v2063 L3 Experimental basic definitions
)
(e:/tex/texlive/2010/texmf-dist/tex/latex/expl3/l3expan.sty
Package: l3expan 2010/09/20 v2037 L3 Experimental Argument Expansion module
)
(e:/tex/texlive/2010/texmf-dist/tex/latex/expl3/l3tl.sty
Package: l3tl 2011/01/26 v2138 L3 Experimental Token Lists
)
(e:/tex/texlive/2010/texmf-dist/tex/latex/expl3/l3int.sty
Package: l3int 2011/01/07 v2121 L3 Experimental Integer module
\l_tmpa_int=\count90
\l_tmpb_int=\count91
\l_tmpc_int=\count92
\g_tmpa_int=\count93
\g_tmpb_int=\count94
\c_max_int=\count95
\g_tl_inline_level_int=\count96
)
(e:/tex/texlive/2010/texmf-dist/tex/latex/expl3/l3quark.sty
Package: l3quark 2010/09/20 v2036 L3 Experimental Quark Commands
)
(e:/tex/texlive/2010/texmf-dist/tex/latex/expl3/l3seq.sty
Package: l3seq 2010/03/29 v1879 L3 Experimental sequences and stacks
)
(e:/tex/texlive/2010/texmf-dist/tex/latex/expl3/l3toks.sty
Package: l3toks 2010/09/20 v2037 L3 Experimental Token Registers
\l_tmpb_toks=\toks19
\l_tmpc_toks=\toks20
\g_tmpa_toks=\toks21
\g_tmpb_toks=\toks22
\g_tmpc_toks=\toks23
\c_empty_toks=\toks24
\l_tl_replace_toks=\toks25
)
(e:/tex/texlive/2010/texmf-dist/tex/latex/expl3/l3prg.sty
Package: l3prg 2011/01/07 v2121 L3 Experimental control structures
\g_prg_inline_level_int=\count97
)
(e:/tex/texlive/2010/texmf-dist/tex/latex/expl3/l3clist.sty
Package: l3clist 2010/10/09 v2071 L3 Experimental comma separated lists
\g_clist_map_inline_int=\count98
)
(e:/tex/texlive/2010/texmf-dist/tex/latex/expl3/l3token.sty
Package: l3token 2010/10/03 v2063 L3 Experimental token investigation and manip
ulation
)
(e:/tex/texlive/2010/texmf-dist/tex/latex/expl3/l3prop.sty
Package: l3prop 2010/11/23 v2087 L3 Experimental Property Lists
\g_prop_inline_level_int=\count99
)
(e:/tex/texlive/2010/texmf-dist/tex/latex/expl3/l3msg.sty
Package: l3msg 2010/10/02 v2052 L3 Experimental LaTeX Messages module
\l_msg_redirect_classes_prop=\toks26
\l_msg_redirect_names_prop=\toks27
\l_msg_redirect_fatal_prop=\toks28
\l_msg_redirect_error_prop=\toks29
\l_msg_redirect_warning_prop=\toks30
\l_msg_redirect_info_prop=\toks31
\l_msg_redirect_log_prop=\toks32
\l_msg_redirect_trace_prop=\toks33
\l_msg_redirect_none_prop=\toks34
)
(e:/tex/texlive/2010/texmf-dist/tex/latex/expl3/l3io.sty
Package: l3io 2010/10/03 v2063 L3 Experimental i/o module
\g_iow_streams_prop=\toks35
\g_ior_streams_prop=\toks36
\l_iow_stream_int=\count100
)
(e:/tex/texlive/2010/texmf-dist/tex/latex/expl3/l3skip.sty
Package: l3skip 2011/01/07 v2121 L3 Experimental skip registers
\l_tmpa_skip=\skip44
\l_tmpb_skip=\skip45
\l_tmpc_skip=\skip46
\g_tmpa_skip=\skip47
\g_tmpb_skip=\skip48
\l_tmpa_dim=\dimen106
\l_tmpb_dim=\dimen107
\l_tmpc_dim=\dimen108
\l_tmpd_dim=\dimen109
\g_tmpa_dim=\dimen110
\g_tmpb_dim=\dimen111
)
(e:/tex/texlive/2010/texmf-dist/tex/latex/expl3/l3box.sty
Package: l3box 2010/09/26 v2048 L3 Experimental Box module
\l_tmpb_box=\box26
)
(e:/tex/texlive/2010/texmf-dist/tex/latex/expl3/l3keyval.sty
Package: l3keyval 2010/04/11 v1890 L3 Experimental keyval processing
\l_KV_level_int=\count101
)
(e:/tex/texlive/2010/texmf-dist/tex/latex/expl3/l3keys.sty
Package: l3keys 2010/11/11 v2082 L3 Experimental key-value support
\l_keys_choice_int=\count102
)
(e:/tex/texlive/2010/texmf-dist/tex/latex/expl3/l3precom.sty
Package: l3precom 2010/02/09 v1793 L3 Experimental precompilation module
\g_gen_sym_int=\count103
\g_ggen_sym_int=\count104
)
(e:/tex/texlive/2010/texmf-dist/tex/latex/expl3/l3xref.sty
Package: l3xref 2010/02/09 v1786 L3 Experimental cross referencing
\g_xref_all_curr_immediate_fields_prop=\toks37
\g_xref_all_curr_deferred_fields_prop=\toks38
)
(e:/tex/texlive/2010/texmf-dist/tex/latex/expl3/l3file.sty
Package: l3file 2010/03/21 v1853 L3 Experimental file loading
)
(e:/tex/texlive/2010/texmf-dist/tex/latex/expl3/l3fp.sty
Package: l3fp 2011/01/10 v2129 L3 Experimental floating-point operations
\c_one_million=\count105
\c_one_hundred_million=\count106
\c_five_hundred_million=\count107
\c_one_thousand_million=\count108
\c_fp_pi_by_four_decimal_int=\count109
\c_fp_pi_by_four_extended_int=\count110
\c_fp_pi_decimal_int=\count111
\c_fp_pi_extended_int=\count112
\c_fp_two_pi_decimal_int=\count113
\c_fp_two_pi_extended_int=\count114
\l_fp_count_int=\count115
\l_fp_div_offset_int=\count116
\l_fp_exp_integer_int=\count117
\l_fp_exp_decimal_int=\count118
\l_fp_exp_extended_int=\count119
\l_fp_exp_exponent_int=\count120
\l_fp_input_a_sign_int=\count121
\l_fp_input_a_integer_int=\count122
\l_fp_input_a_decimal_int=\count123
\l_fp_input_a_exponent_int=\count124
\l_fp_input_b_sign_int=\count125
\l_fp_input_b_integer_int=\count126
\l_fp_input_b_decimal_int=\count127
\l_fp_input_b_exponent_int=\count128
\l_fp_input_a_extended_int=\count129
\l_fp_input_b_extended_int=\count130
\l_fp_mul_a_i_int=\count131
\l_fp_mul_a_ii_int=\count132
\l_fp_mul_a_iii_int=\count133
\l_fp_mul_a_iv_int=\count134
\l_fp_mul_a_v_int=\count135
\l_fp_mul_a_vi_int=\count136
\l_fp_mul_b_i_int=\count137
\l_fp_mul_b_ii_int=\count138
\l_fp_mul_b_iii_int=\count139
\l_fp_mul_b_iv_int=\count140
\l_fp_mul_b_v_int=\count141
\l_fp_mul_b_vi_int=\count142
\l_fp_mul_output_int=\count143
\l_fp_output_sign_int=\count144
\l_fp_output_integer_int=\count145
\l_fp_output_decimal_int=\count146
\l_fp_output_exponent_int=\count147
\l_fp_output_extended_int=\count148
\l_fp_round_position_int=\count149
\l_fp_round_target_int=\count150
\l_fp_split_sign_int=\count151
\l_fp_tmp_int=\count152
\l_fp_trig_octant_int=\count153
\l_fp_trig_sign_int=\count154
\l_fp_trig_decimal_int=\count155
\l_fp_trig_extended_int=\count156
\l_fp_tmp_dim=\dimen112
\l_fp_tmp_skip=\skip49
)
(e:/tex/texlive/2010/texmf-dist/tex/latex/expl3/l3luatex.sty
Package: l3luatex 2010/07/18 v1985 L3 Experimental LuaTeX functions
\g_cctab_allocate_int=\count157
\g_cctab_stack_int=\count158
)
(e:/tex/texlive/2010/texmf-dist/tex/latex/tools/calc.sty
Package: calc 2007/08/22 v4.3 Infix arithmetic (KKT,FJ)
\calc@Acount=\count159
\calc@Bcount=\count160
\calc@Adimen=\dimen113
\calc@Bdimen=\dimen114
\calc@Askip=\skip50
\calc@Bskip=\skip51
LaTeX Info: Redefining \setlength on input line 76.
LaTeX Info: Redefining \addtolength on input line 77.
\calc@Ccount=\count161
\calc@Cskip=\skip52
))
(e:/tex/texlive/2010/texmf-dist/tex/latex/xpackages/xbase/xparse.sty
Package: xparse 2011/01/23 v2136 Generic document command parser
\c_xparse_shorthands_prop=\toks39
\l_xparse_m_args_int=\count162
\l_xparse_mandatory_args_int=\count163
\l_xparse_processor_int=\count164
\l_xparse_total_args_int=\count165
)
(e:/tex/texlive/2010/texmf-dist/tex/generic/kastrup/binhex.tex)
\l_fontspec_script_int=\count166
\l_fontspec_language_int=\count167
\l_fontspec_strnum_int=\count168
Variant \tl_gset:cV already defined; not changing it on line 79

(e:/tex/texlive/2010/texmf-dist/tex/latex/xkeyval/xkeyval.sty
Package: xkeyval 2008/08/13 v2.6a package option processing (HA)

(e:/tex/texlive/2010/texmf-dist/tex/generic/xkeyval/xkeyval.tex
\XKV@toks=\toks40
\XKV@tempa@toks=\toks41
\XKV@depth=\count169
File: xkeyval.tex 2008/08/13 v2.6a key=value parser (HA)

(e:/tex/texlive/2010/texmf-dist/tex/generic/xkeyval/keyval.tex)))
(e:/tex/texlive/2010/texmf-dist/tex/latex/fontspec/fontspec-patches.sty
Package: fontspec-patches 2010/11/17 v2.1e Advanced font selection for XeLaTeX/
LuaLaTeX

(e:/tex/texlive/2010/texmf-dist/tex/latex/base/fixltx2e.sty
Package: fixltx2e 2006/09/13 v1.1m fixes to LaTeX
LaTeX Info: Redefining \em on input line 420.
)
LaTeX Info: Redefining \em on input line 22.
LaTeX Info: Redefining \emph on input line 29.
LaTeX Info: Redefining \- on input line 32.
)
(e:/tex/texlive/2010/texmf-dist/tex/latex/base/fontenc.sty
Package: fontenc 2005/09/27 v1.99g Standard LaTeX package

(e:/tex/texlive/2010/texmf-dist/tex/latex/euenc/eu1enc.def
File: eu1enc.def 2010/05/27 v0.1h Experimental Unicode font encodings
)
LaTeX Font Info:    Try loading font information for EU1+lmr on input line 100.


(e:/tex/texlive/2010/texmf-dist/tex/latex/euenc/eu1lmr.fd
File: eu1lmr.fd 2009/10/30 v1.6 Font defs for Latin Modern
))
(e:/tex/texlive/2010/texmf-dist/tex/xelatex/xunicode/xunicode.sty
File: xunicode.sty 2010/11/06 v0.96 provides access to latin accents and many o
ther characters in Unicode lower plane
)
 LaTeX info: Defining document command \fontspec
(LaTeX)  with arg. spec. 'O{}m' on line 322.

 LaTeX info: Defining document command \setmainfont
(LaTeX)  with arg. spec. 'O{}m' on line 326.

 LaTeX info: Defining document command \setsansfont
(LaTeX)  with arg. spec. 'O{}m' on line 330.

 LaTeX info: Defining document command \setmonofont
(LaTeX)  with arg. spec. 'O{}m' on line 334.

 LaTeX info: Defining document command \setmathrm
(LaTeX)  with arg. spec. 'O{}m' on line 338.

 LaTeX info: Defining document command \setboldmathrm
(LaTeX)  with arg. spec. 'O{}m' on line 341.

 LaTeX info: Defining document command \setmathsf
(LaTeX)  with arg. spec. 'O{}m' on line 344.

 LaTeX info: Defining document command \setmathtt
(LaTeX)  with arg. spec. 'O{}m' on line 347.

 LaTeX info: Defining document command \newfontfamily
(LaTeX)  with arg. spec. 'mO{}m' on line 364.

 LaTeX info: Defining document command \newfontface
(LaTeX)  with arg. spec. 'mO{}m' on line 367.

 LaTeX info: Defining document command \defaultfontfeatures
(LaTeX)  with arg. spec. 'm' on line 370.

 LaTeX info: Defining document command \addfontfeatures
(LaTeX)  with arg. spec. 'm' on line 387.

 LaTeX info: Defining document command \newfontfeature
(LaTeX)  with arg. spec. 'mm' on line 394.

 LaTeX info: Defining document command \newAATfeature
(LaTeX)  with arg. spec. 'mmmm' on line 403.

 LaTeX info: Defining document command \newICUfeature
(LaTeX)  with arg. spec. 'mmm' on line 412.

 LaTeX info: Defining document command \aliasfontfeature
(LaTeX)  with arg. spec. 'mm' on line 414.

 LaTeX info: Defining document command \aliasfontfeatureoption
(LaTeX)  with arg. spec. 'mmm' on line 417.

 LaTeX info: Defining document command \newfontscript
(LaTeX)  with arg. spec. 'mm' on line 422.

 LaTeX info: Defining document command \newfontlanguage
(LaTeX)  with arg. spec. 'mm' on line 444.

 LaTeX info: Defining document command \DeclareFontsExtensions
(LaTeX)  with arg. spec. 'm' on line 461.

\c@fontspec_tmp_int=\count170
LaTeX Info: Redefining \itshape on input line 2071.
LaTeX Info: Redefining \slshape on input line 2075.
LaTeX Info: Redefining \scshape on input line 2079.
LaTeX Info: Redefining \upshape on input line 2083.

(e:/tex/texlive/2010/texmf-dist/tex/latex/fontspec/fontspec.cfg))
(e:/tex/texlive/2010/texmf-dist/tex/latex/xltxtra/xltxtra.sty
Package: xltxtra 2010/09/20 v0.5e Improvements for the "XeLaTeX" format

(e:/tex/texlive/2010/texmf-dist/tex/generic/oberdiek/ifluatex.sty
Package: ifluatex 2010/03/01 v1.3 Provides the ifluatex switch (HO)
Package ifluatex Info: LuaTeX not detected.
)
(e:/tex/texlive/2010/texmf-dist/tex/generic/ifxetex/ifxetex.sty
Package: ifxetex 2010/09/12 v0.6 Provides ifxetex conditional
)
(e:/tex/texlive/2010/texmf-dist/tex/latex/realscripts/realscripts.sty
Package: realscripts 2010/09/30 v0.3 Access OpenType subscripts and superscript
s
 LaTeX info: Defining document command \fakesubscript
(LaTeX)  with arg. spec. 'm' on line 19.

 LaTeX info: Defining document command \fakesuperscript
(LaTeX)  with arg. spec. 'm' on line 22.

 LaTeX info: Redefining document command \textsubscript
(LaTeX)  with arg. spec. 's' on line 25.

 LaTeX info: Redefining document command \textsuperscript
(LaTeX)  with arg. spec. 's' on line 28.

 LaTeX info: Defining document command \realsubscript
(LaTeX)  with arg. spec. 'm' on line 45.

 LaTeX info: Defining document command \realsuperscript
(LaTeX)  with arg. spec. 'm' on line 60.

 LaTeX info: Defining document command \textsubsuperscript
(LaTeX)  with arg. spec. 'sO{l}mm' on line 137.

 LaTeX info: Defining document command \textsupersubscript
(LaTeX)  with arg. spec. 'sO{l}mm' on line 140.

\subsupersep=\dimen115
)
(e:/tex/texlive/2010/texmf-dist/tex/latex/metalogo/metalogo.sty
Package: metalogo 2010/05/29 v0.12 Extended TeX logo macros

(e:/tex/texlive/2010/texmf-dist/tex/latex/graphics/graphicx.sty
Package: graphicx 1999/02/16 v1.0f Enhanced LaTeX Graphics (DPC,SPQR)

(e:/tex/texlive/2010/texmf-dist/tex/latex/graphics/graphics.sty
Package: graphics 2009/02/05 v1.0o Standard LaTeX Graphics (DPC,SPQR)

(e:/tex/texlive/2010/texmf-dist/tex/latex/graphics/trig.sty
Package: trig 1999/03/16 v1.09 sin cos tan (DPC)
)
(e:/tex/texlive/2010/texmf-dist/tex/latex/latexconfig/graphics.cfg
File: graphics.cfg 2010/04/23 v1.9 graphics configuration of TeX Live
)
Package graphics Info: Driver file: xetex.def on input line 91.

(e:/tex/texlive/2010/texmf-dist/tex/xelatex/xetex-def/xetex.def
File: xetex.def 2009/11/22 v0.94 LaTeX color/graphics driver for XeTeX (RRM/JK)

))
\Gin@req@height=\dimen116
\Gin@req@width=\dimen117
)
\xl@everylogo=\toks42
\xl@@everylogo=\toks43
LaTeX Info: Redefining \TeX on input line 193.
LaTeX Info: Redefining \LaTeX on input line 202.
LaTeX Info: Redefining \LaTeXe on input line 219.
)
\xxt@tempbox=\box27
)
\g_fontspec_family_Adobe Garamond Pro_int=\count171
 fontspec info: Defining font family 'AdobeGaramondPro(0)' for font 'Adobe Gara
mond Pro' with options [Mapping=tex-text,Ligatures=Common].

\g_fontspec_AdobeGaramondPro(0)_prop=\toks44
 fontspec info: Defining shape 'normal' with NFSS spec.:
(fontspec)  <->"Adobe Garamond Pro/ICU:script=latn;language=DFLT;mapping=tex-te
xt;;+liga;;"

 fontspec info: Defining shape 'small caps' with NFSS spec.:
(fontspec)  <->"Adobe Garamond Pro/ICU:script=latn;language=DFLT;mapping=tex-te
xt;;+liga;;+smcp;"

 fontspec info: Defining shape 'bold' with NFSS spec.:
(fontspec)  <->"Adobe Garamond Pro/B/ICU:script=latn;language=DFLT;mapping=tex-
text;;+liga;;"

 fontspec info: Defining shape 'bold small caps' with NFSS spec.:
(fontspec)  <->"Adobe Garamond Pro/B/ICU:script=latn;language=DFLT;mapping=tex-
text;;+liga;;+smcp;"

 fontspec info: Defining shape 'italic' with NFSS spec.:
(fontspec)  <->"Adobe Garamond Pro/I/ICU:script=latn;language=DFLT;mapping=tex-
text;;+liga;;"

 fontspec info: Defining shape 'bold italic' with NFSS spec.:
(fontspec)  <->"Adobe Garamond Pro/BI/ICU:script=latn;language=DFLT;mapping=tex
-text;;+liga;;"

Unknown feature `' in font `Adobe Garamond Pro'.
Unknown feature `' in font `Adobe Garamond Pro'.
\g_fontspec_family_Myriad Pro_int=\count172
 fontspec info: Defining font family 'MyriadPro(0)' for font 'Myriad Pro' with 
options [Mapping=tex-text,Numbers=Uppercase].

\g_fontspec_MyriadPro(0)_prop=\toks45
 fontspec info: Defining shape 'normal' with NFSS spec.:
(fontspec)  <->"Myriad Pro/ICU:script=latn;language=DFLT;mapping=tex-text;;+lnu
m;;"

 fontspec info: Defining shape 'bold' with NFSS spec.:
(fontspec)  <->"Myriad Pro/B/ICU:script=latn;language=DFLT;mapping=tex-text;;+l
num;;"

 fontspec info: Defining shape 'italic' with NFSS spec.:
(fontspec)  <->"Myriad Pro/I/ICU:script=latn;language=DFLT;mapping=tex-text;;+l
num;;"

 fontspec info: Defining shape 'bold italic' with NFSS spec.:
(fontspec)  <->"Myriad Pro/BI/ICU:script=latn;language=DFLT;mapping=tex-text;;+
lnum;;"

\g_fontspec_family_Courier New_int=\count173
 fontspec info: Defining font family 'CourierNew(0)' for font 'Courier New' wit
h options [Mapping=tex-text].

\g_fontspec_CourierNew(0)_prop=\toks46
 fontspec info: Defining shape 'normal' with NFSS spec.:
(fontspec)  <->"Courier New/ICU:script=latn;language=DFLT;mapping=tex-text;;"

 fontspec info: Defining shape 'bold' with NFSS spec.:
(fontspec)  <->"Courier New/B/ICU:script=latn;language=DFLT;mapping=tex-text;;"


 fontspec info: Defining shape 'italic' with NFSS spec.:
(fontspec)  <->"Courier New/I/ICU:script=latn;language=DFLT;mapping=tex-text;;"


 fontspec info: Defining shape 'bold italic' with NFSS spec.:
(fontspec)  <->"Courier New/BI/ICU:script=latn;language=DFLT;mapping=tex-text;;
"


(e:/tex/texlive/2010/texmf-dist/tex/latex/tools/indentfirst.sty
Package: indentfirst 1995/11/23 v1.03 Indent first paragraph (DPC)
)
(e:/tex/texlive/2010/texmf-dist/tex/latex/hyperref/hyperref.sty
Package: hyperref 2010/12/16 v6.81z Hypertext links for LaTeX

(e:/tex/texlive/2010/texmf-dist/tex/generic/oberdiek/ltxcmds.sty
Package: ltxcmds 2010/04/26 v1.7 LaTeX kernel commands for general use (HO)
)
(e:/tex/texlive/2010/texmf-dist/tex/generic/oberdiek/ifpdf.sty
Package: ifpdf 2010/01/28 v2.1 Provides the ifpdf switch (HO)
Package ifpdf Info: pdfTeX in pdf mode not detected.
)
(e:/tex/texlive/2010/texmf-dist/tex/generic/oberdiek/pdftexcmds.sty
Package: pdftexcmds 2010/04/01 v0.9 Utility functions of pdfTeX for LuaTeX (HO)


(e:/tex/texlive/2010/texmf-dist/tex/generic/oberdiek/infwarerr.sty
Package: infwarerr 2010/04/08 v1.3 Providing info/warning/message (HO)
)
Package pdftexcmds Info: LuaTeX not detected.
Package pdftexcmds Info: pdfTeX >= 1.30 not detected.
Package pdftexcmds Info: \pdf@primitive is available.
Package pdftexcmds Info: \pdf@ifprimitive is available.
)
(e:/tex/texlive/2010/texmf-dist/tex/generic/oberdiek/kvsetkeys.sty
Package: kvsetkeys 2010/03/01 v1.9 Key value parser (HO)

(e:/tex/texlive/2010/texmf-dist/tex/generic/oberdiek/etexcmds.sty
Package: etexcmds 2010/01/28 v1.3 Prefix for e-TeX command names (HO)
Package etexcmds Info: Could not find \expanded.
(etexcmds)             That can mean that you are not using pdfTeX 1.50 or
(etexcmds)             that some package has redefined \expanded.
(etexcmds)             In the latter case, load this package earlier.
))
(e:/tex/texlive/2010/texmf-dist/tex/generic/oberdiek/pdfescape.sty
Package: pdfescape 2010/03/01 v1.9 Provides hex, PDF name and string conversion
s (HO)
)
(e:/tex/texlive/2010/texmf-dist/tex/generic/oberdiek/ifvtex.sty
Package: ifvtex 2010/03/01 v1.5 Switches for detecting VTeX and its modes (HO)
Package ifvtex Info: VTeX not detected.
)
(e:/tex/texlive/2010/texmf-dist/tex/latex/oberdiek/hycolor.sty
Package: hycolor 2009/12/12 v1.6 Color options of hyperref/bookmark (HO)

(e:/tex/texlive/2010/texmf-dist/tex/latex/oberdiek/xcolor-patch.sty
Package: xcolor-patch 2009/12/12 xcolor patch
))
(e:/tex/texlive/2010/texmf-dist/tex/latex/oberdiek/letltxmacro.sty
Package: letltxmacro 2008/06/24 v1.3 Let assignment for LaTeX macros (HO)
)
(e:/tex/texlive/2010/texmf-dist/tex/latex/oberdiek/kvoptions.sty
Package: kvoptions 2010/02/22 v3.7 Keyval support for LaTeX options (HO)
)
\@linkdim=\dimen118
\Hy@linkcounter=\count174
\Hy@pagecounter=\count175

(e:/tex/texlive/2010/texmf-dist/tex/latex/hyperref/pd1enc.def
File: pd1enc.def 2010/12/16 v6.81z Hyperref: PDFDocEncoding definition (HO)
)
(e:/tex/texlive/2010/texmf-dist/tex/generic/oberdiek/intcalc.sty
Package: intcalc 2007/09/27 v1.1 Expandable integer calculations (HO)
)
\Hy@SavedSpaceFactor=\count176

(e:/tex/texlive/2010/texmf-dist/tex/xelatex/xetexconfig/hyperref.cfg
File: hyperref.cfg 2008/07/11 v1.2 hyperref configuration for XeLaTeX
)
Package hyperref Info: Hyper figures OFF on input line 3993.
Package hyperref Info: Link nesting OFF on input line 3998.
Package hyperref Info: Hyper index ON on input line 4001.
Package hyperref Info: Plain pages OFF on input line 4008.
Package hyperref Info: Backreferencing OFF on input line 4013.
Package hyperref Info: Implicit mode ON; LaTeX internals redefined.
Package hyperref Info: Bookmarks ON on input line 4231.
\c@Hy@tempcnt=\count177

(e:/tex/texlive/2010/texmf-dist/tex/latex/url/url.sty
\Urlmuskip=\muskip10
Package: url 2006/04/12  ver 3.3  Verb mode for urls, etc.
)
LaTeX Info: Redefining \url on input line 4584.

(e:/tex/texlive/2010/texmf-dist/tex/generic/oberdiek/bitset.sty
Package: bitset 2007/09/28 v1.0 Data type bit set (HO)

(e:/tex/texlive/2010/texmf-dist/tex/generic/oberdiek/bigintcalc.sty
Package: bigintcalc 2007/11/11 v1.1 Expandable big integer calculations (HO)
))
\Fld@menulength=\count178
\Field@Width=\dimen119
\Fld@charsize=\dimen120
Package hyperref Info: Hyper figures OFF on input line 5668.
Package hyperref Info: Link nesting OFF on input line 5673.
Package hyperref Info: Hyper index ON on input line 5676.
Package hyperref Info: backreferencing OFF on input line 5683.
Package hyperref Info: Link coloring OFF on input line 5688.
Package hyperref Info: Link coloring with OCG OFF on input line 5693.
Package hyperref Info: PDF/A mode OFF on input line 5698.
LaTeX Info: Redefining \ref on input line 5738.
LaTeX Info: Redefining \pageref on input line 5742.

(e:/tex/texlive/2010/texmf-dist/tex/generic/oberdiek/atbegshi.sty
Package: atbegshi 2010/03/25 v1.12 At begin shipout hook (HO)
)
\Hy@abspage=\count179
\c@Item=\count180
\c@Hfootnote=\count181
)

Package hyperref Message: Driver (autodetected): hxetex.

(e:/tex/texlive/2010/texmf-dist/tex/latex/hyperref/hxetex.def
File: hxetex.def 2010/12/16 v6.81z Hyperref driver for XeTeX

(e:/tex/texlive/2010/texmf-dist/tex/latex/hyperref/puenc.def
File: puenc.def 2010/12/16 v6.81z Hyperref: PDF Unicode definition (HO)
)
(e:/tex/texlive/2010/texmf-dist/tex/generic/oberdiek/stringenc.sty
Package: stringenc 2010/03/01 v1.8 Converts strings between encodings (HO)
)
\pdfm@box=\box28
\c@Hy@AnnotLevel=\count182
\HyField@AnnotCount=\count183
\Fld@listcount=\count184
\c@bookmark@seq@number=\count185

(e:/tex/texlive/2010/texmf-dist/tex/latex/oberdiek/rerunfilecheck.sty
Package: rerunfilecheck 2010/03/16 v1.6 Rerun checks for auxiliary files (HO)
Package rerunfilecheck Info: Feature \pdfmdfivesum is not available
(rerunfilecheck)             (e.g. pdfTeX or LuaTeX with package `pdftexcmds').

(rerunfilecheck)             Therefore file contents cannot be checked efficien
tly
(rerunfilecheck)             and the loading of the package is aborted.
)
\Hy@SectionHShift=\skip53
)

Package hyperref Warning: Option `bookmarks' has already been used,
(hyperref)                setting the option has no effect on input line 44.

Package hyperref Info: Option `bookmarksopen' set `true' on input line 44.
(e:/tex/texlive/2010/texmf-dist/tex/generic/oberdiek/se-ascii-print.def
File: se-ascii-print.def 2010/03/01 v1.8 stringenc: Printable ASCII characters
)
Package hyperref Info: Option `unicode' set `false' on input line 44.


Package hyperref Warning: XeTeX driver only supports `unicode=true'. Ignoring
(hyperref)                option setting `unicode=false' on input line 44.

Package hyperref Info: Option `colorlinks' set `true' on input line 44.
(e:/tex/texlive/2010/texmf-dist/tex/latex/xcolor/xcolor.sty
Package: xcolor 2007/01/21 v2.11 LaTeX color extensions (UK)

(e:/tex/texlive/2010/texmf-dist/tex/latex/latexconfig/color.cfg
File: color.cfg 2007/01/18 v1.5 color configuration of teTeX/TeXLive
)
Package xcolor Info: Driver file: dvips.def on input line 225.

(e:/tex/texlive/2010/texmf-dist/tex/latex/graphics/dvips.def
File: dvips.def 1999/02/16 v3.0i Driver-dependant file (DPC,SPQR)
)
Package xcolor Info: Model `cmy' substituted by `cmy0' on input line 1337.
Package xcolor Info: Model `RGB' extended on input line 1353.
Package xcolor Info: Model `HTML' substituted by `rgb' on input line 1355.
Package xcolor Info: Model `Hsb' substituted by `hsb' on input line 1356.
Package xcolor Info: Model `tHsb' substituted by `hsb' on input line 1357.
Package xcolor Info: Model `HSB' substituted by `hsb' on input line 1358.
Package xcolor Info: Model `Gray' substituted by `gray' on input line 1359.
Package xcolor Info: Model `wave' substituted by `hsb' on input line 1360.

(e:/tex/texlive/2010/texmf-dist/tex/latex/graphics/dvipsnam.def
File: dvipsnam.def 1999/02/16 v3.0i Driver-dependant file (DPC,SPQR)
)
(e:/tex/texlive/2010/texmf-dist/tex/latex/xcolor/svgnam.def
File: svgnam.def 2007/01/21 v2.11 Predefined colors according to SVG 1.1 (UK)
))
(e:/tex/texlive/2010/texmf-dist/tex/latex/fancyhdr/fancyhdr.sty
\fancy@headwidth=\skip54
\f@ncyO@elh=\skip55
\f@ncyO@erh=\skip56
\f@ncyO@olh=\skip57
\f@ncyO@orh=\skip58
\f@ncyO@elf=\skip59
\f@ncyO@erf=\skip60
\f@ncyO@olf=\skip61
\f@ncyO@orf=\skip62
)
(e:/tex/texlive/2010/texmf-dist/tex/latex/enumitem/enumitem.sty
Package: enumitem 2009/05/18 v2.2 Customized lists
\enit@toks=\toks47
\labelindent=\skip63
\enit@outerparindent=\dimen121
\enitdp@desc=\count186
)
(e:/tex/texlive/2010/texmf-dist/tex/latex/footmisc/footmisc.sty
Package: footmisc 2009/09/15 v5.5a a miscellany of footnote facilities
\FN@temptoken=\toks48
\footnotemargin=\dimen122
\c@pp@next@reset=\count187
Package footmisc Info: Declaring symbol style bringhurst on input line 855.
Package footmisc Info: Declaring symbol style chicago on input line 863.
Package footmisc Info: Declaring symbol style wiley on input line 872.
Package footmisc Info: Declaring symbol style lamport-robust on input line 883.

Package footmisc Info: Declaring symbol style lamport* on input line 903.
Package footmisc Info: Declaring symbol style lamport*-robust on input line 924
.
)
(e:/tex/texlive/2010/texmf-dist/tex/latex/booktabs/booktabs.sty
Package: booktabs 2005/04/14 v1.61803 publication quality tables
\heavyrulewidth=\dimen123
\lightrulewidth=\dimen124
\cmidrulewidth=\dimen125
\belowrulesep=\dimen126
\belowbottomsep=\dimen127
\aboverulesep=\dimen128
\abovetopsep=\dimen129
\cmidrulesep=\dimen130
\cmidrulekern=\dimen131
\defaultaddspace=\dimen132
\@cmidla=\count188
\@cmidlb=\count189
\@aboverulesep=\dimen133
\@belowrulesep=\dimen134
\@thisruleclass=\count190
\@lastruleclass=\count191
\@thisrulewidth=\dimen135
))

LaTeX Warning: Unused global option(s):
    [11pt].

No file Jason.Wu.CV.aux.
LaTeX Font Info:    Checking defaults for OML/cmm/m/it on input line 12.
LaTeX Font Info:    ... okay on input line 12.
LaTeX Font Info:    Checking defaults for T1/cmr/m/n on input line 12.
LaTeX Font Info:    ... okay on input line 12.
LaTeX Font Info:    Checking defaults for OT1/cmr/m/n on input line 12.
LaTeX Font Info:    ... okay on input line 12.
LaTeX Font Info:    Checking defaults for OMS/cmsy/m/n on input line 12.
LaTeX Font Info:    ... okay on input line 12.
LaTeX Font Info:    Checking defaults for OMX/cmex/m/n on input line 12.
LaTeX Font Info:    ... okay on input line 12.
LaTeX Font Info:    Checking defaults for U/cmr/m/n on input line 12.
LaTeX Font Info:    ... okay on input line 12.
LaTeX Font Info:    Checking defaults for EU1/lmr/m/n on input line 12.
LaTeX Font Info:    ... okay on input line 12.
LaTeX Font Info:    Checking defaults for PD1/pdf/m/n on input line 12.
LaTeX Font Info:    ... okay on input line 12.
LaTeX Font Info:    Checking defaults for PU/pdf/m/n on input line 12.
LaTeX Font Info:    ... okay on input line 12.
Unknown feature `' in font `Adobe Garamond Pro'.
Unknown feature `' in font `Adobe Garamond Pro'.
 fontspec info: Adjusting the maths setup (use [no-math] to avoid this).

\symlegacymaths=\mathgroup4
LaTeX Font Info:    Overwriting symbol font `legacymaths' in version `bold'
(Font)                  OT1/cmr/m/n --> OT1/cmr/bx/n on input line 12.
LaTeX Font Info:    Redeclaring math accent \acute on input line 12.
LaTeX Font Info:    Redeclaring math accent \grave on input line 12.
LaTeX Font Info:    Redeclaring math accent \ddot on input line 12.
LaTeX Font Info:    Redeclaring math accent \tilde on input line 12.
LaTeX Font Info:    Redeclaring math accent \bar on input line 12.
LaTeX Font Info:    Redeclaring math accent \breve on input line 12.
LaTeX Font Info:    Redeclaring math accent \check on input line 12.
LaTeX Font Info:    Redeclaring math accent \hat on input line 12.
LaTeX Font Info:    Redeclaring math accent \dot on input line 12.
LaTeX Font Info:    Redeclaring math accent \mathring on input line 12.
LaTeX Font Info:    Redeclaring math symbol \colon on input line 12.
LaTeX Font Info:    Redeclaring math symbol \Gamma on input line 12.
LaTeX Font Info:    Redeclaring math symbol \Delta on input line 12.
LaTeX Font Info:    Redeclaring math symbol \Theta on input line 12.
LaTeX Font Info:    Redeclaring math symbol \Lambda on input line 12.
LaTeX Font Info:    Redeclaring math symbol \Xi on input line 12.
LaTeX Font Info:    Redeclaring math symbol \Pi on input line 12.
LaTeX Font Info:    Redeclaring math symbol \Sigma on input line 12.
LaTeX Font Info:    Redeclaring math symbol \Upsilon on input line 12.
LaTeX Font Info:    Redeclaring math symbol \Phi on input line 12.
LaTeX Font Info:    Redeclaring math symbol \Psi on input line 12.
LaTeX Font Info:    Redeclaring math symbol \Omega on input line 12.
LaTeX Font Info:    Redeclaring math symbol \mathdollar on input line 12.
LaTeX Font Info:    Redeclaring symbol font `operators' on input line 12.
LaTeX Font Info:    Encoding `OT1' has changed to `EU1' for symbol font
(Font)              `operators' in the math version `normal' on input line 12.
LaTeX Font Info:    Overwriting symbol font `operators' in version `normal'
(Font)                  OT1/cmr/m/n --> EU1/AdobeGaramondPro(0)/m/n on input li
ne 12.
LaTeX Font Info:    Encoding `OT1' has changed to `EU1' for symbol font
(Font)              `operators' in the math version `bold' on input line 12.
LaTeX Font Info:    Overwriting symbol font `operators' in version `bold'
(Font)                  OT1/cmr/bx/n --> EU1/AdobeGaramondPro(0)/m/n on input l
ine 12.
LaTeX Font Info:    Overwriting symbol font `operators' in version `normal'
(Font)                  EU1/AdobeGaramondPro(0)/m/n --> EU1/AdobeGaramondPro(0)
/m/n on input line 12.
LaTeX Font Info:    Overwriting math alphabet `\mathrm' in version `normal'
(Font)                  EU1/AdobeGaramondPro(0)/m/n --> EU1/AdobeGaramondPro(0)
/m/n on input line 12.
LaTeX Font Info:    Overwriting math alphabet `\mathit' in version `normal'
(Font)                  OT1/cmr/m/it --> EU1/AdobeGaramondPro(0)/m/it on input 
line 12.
LaTeX Font Info:    Overwriting math alphabet `\mathbf' in version `normal'
(Font)                  OT1/cmr/bx/n --> EU1/AdobeGaramondPro(0)/bx/n on input 
line 12.
LaTeX Font Info:    Overwriting math alphabet `\mathsf' in version `normal'
(Font)                  OT1/cmss/m/n --> EU1/MyriadPro(0)/m/n on input line 12.

LaTeX Font Info:    Overwriting math alphabet `\mathtt' in version `normal'
(Font)                  OT1/cmtt/m/n --> EU1/CourierNew(0)/m/n on input line 12
.
LaTeX Font Info:    Overwriting symbol font `operators' in version `bold'
(Font)                  EU1/AdobeGaramondPro(0)/m/n --> EU1/AdobeGaramondPro(0)
/bx/n on input line 12.
LaTeX Font Info:    Overwriting math alphabet `\mathrm' in version `bold'
(Font)                  EU1/AdobeGaramondPro(0)/m/n --> EU1/AdobeGaramondPro(0)
/bx/n on input line 12.
LaTeX Font Info:    Overwriting math alphabet `\mathit' in version `bold'
(Font)                  OT1/cmr/bx/it --> EU1/AdobeGaramondPro(0)/bx/it on inpu
t line 12.
LaTeX Font Info:    Overwriting math alphabet `\mathsf' in version `bold'
(Font)                  OT1/cmss/bx/n --> EU1/MyriadPro(0)/bx/n on input line 1
2.
LaTeX Font Info:    Overwriting math alphabet `\mathtt' in version `bold'
(Font)                  OT1/cmtt/m/n --> EU1/CourierNew(0)/bx/n on input line 1
2.
\AtBeginShipoutBox=\box29
Package hyperref Info: Link coloring ON on input line 12.
(e:/tex/texlive/2010/texmf-dist/tex/latex/hyperref/nameref.sty
Package: nameref 2010/04/30 v2.40 Cross-referencing by name of section

(e:/tex/texlive/2010/texmf-dist/tex/latex/oberdiek/refcount.sty
Package: refcount 2008/08/11 v3.1 Data extraction from references (HO)
)
(e:/tex/texlive/2010/texmf-dist/tex/generic/oberdiek/gettitlestring.sty
Package: gettitlestring 2009/12/18 v1.3 Cleanup title references (HO)
)
\c@section@level=\count192
)
LaTeX Info: Redefining \ref on input line 12.
LaTeX Info: Redefining \pageref on input line 12.
LaTeX Info: Redefining \nameref on input line 12.


Package hyperref Warning: Rerun to get /PageLabels entry.

Unknown feature `' in font `Adobe Garamond Pro'.
Unknown feature `' in font `Adobe Garamond Pro'.
Unknown feature `' in font `Adobe Garamond Pro Semibold'.
Unknown feature `' in font `Adobe Garamond Pro Semibold'.
Unknown feature `' in font `Adobe Garamond Pro Semibold'.
Unknown feature `' in font `Adobe Garamond Pro Semibold'.
Unknown feature `' in font `Myriad Pro'.
Unknown feature `' in font `Myriad Pro'.
Unknown feature `' in font `Myriad Pro'.
Unknown feature `' in font `Myriad Pro'.
Unknown feature `' in font `Adobe Garamond Pro'.
Unknown feature `' in font `Adobe Garamond Pro'.
Unknown feature `' in font `Adobe Garamond Pro'.
Unknown feature `' in font `Adobe Garamond Pro'.
LaTeX Font Info:    External font `cmex10' loaded for size
(Font)              <10.95> on input line 29.
LaTeX Font Info:    External font `cmex10' loaded for size
(Font)              <8> on input line 29.
LaTeX Font Info:    External font `cmex10' loaded for size
(Font)              <6> on input line 29.
Unknown feature `' in font `Adobe Garamond Pro Semibold'.
Unknown feature `' in font `Adobe Garamond Pro Semibold'.
Unknown feature `' in font `Adobe Garamond Pro Semibold'.
Unknown feature `' in font `Adobe Garamond Pro Semibold'.
Unknown feature `' in font `Myriad Pro'.
Unknown feature `' in font `Myriad Pro'.
[1

] [2] ) 
Here is how much of TeX's memory you used:
 16674 strings out of 495675
 275380 string characters out of 3187489
 389439 words of memory out of 3000000
 19561 multiletter control sequences out of 15000+200000
 6603 words of font info for 51 fonts, out of 3000000 for 9000
 36 hyphenation exceptions out of 8191
 47i,11n,80p,548b,460s stack positions out of 5000i,500n,10000p,200000b,50000s

Output written on Jason.Wu.CV.pdf (2 pages).
